<?xml version="1.0" encoding="UTF-8"?>
<!-- Generated by org.testng.reporters.JUnitReportReporter -->
<testsuite hostname="DESKTOP-9727CR0" failures="0" tests="1" name="bexel.extractuser" time="16.299" errors="0" timestamp="2022-05-21T12:14:59 EET" skipped="0">
  <testcase classname="bexel.extractuser" name="extractuser" time="16.299"/>
  <system-out/>
</testsuite> <!-- bexel.extractuser -->
