<?xml version="1.0" encoding="UTF-8"?>
<!-- Generated by org.testng.reporters.JUnitReportReporter -->
<testsuite hostname="DESKTOP-9727CR0" failures="0" tests="1" name="bexel.loginbuusersandverify" time="16.140" errors="0" timestamp="2022-05-21T17:41:39 EET" skipped="0">
  <testcase classname="bexel.loginbuusersandverify" name="loginandverifyuser" time="16.140"/>
  <system-out/>
</testsuite> <!-- bexel.loginbuusersandverify -->
